reports/androidx-activity/1-9-0-to-1-13-0/run-26555871191/phase1/before/shared/build/outputs/logs/manifest-merger-release-report.txt
-- Merging decision tree log ---
manifest
ADDED from ProcessLibraryManifest/release/tempAndroidManifest788791043935604229.xml:2:13-83
INJECTED from ProcessLibraryManifest/release/tempAndroidManifest788791043935604229.xml:2:13-83
	package
		INJECTED from ProcessLibraryManifest/release/tempAndroidManifest788791043935604229.xml
	xmlns:android
		ADDED from ProcessLibraryManifest/release/tempAndroidManifest788791043935604229.xml:2:23-81
uses-sdk
INJECTED from ProcessLibraryManifest/release/tempAndroidManifest788791043935604229.xml reason: use-sdk injection requested
INJECTED from ProcessLibraryManifest/release/tempAndroidManifest788791043935604229.xml
INJECTED from ProcessLibraryManifest/release/tempAndroidManifest788791043935604229.xml
	android:targetSdkVersion
		INJECTED from ProcessLibraryManifest/release/tempAndroidManifest788791043935604229.xml
	android:minSdkVersion
		INJECTED from ProcessLibraryManifest/release/tempAndroidManifest788791043935604229.xml